<?xml version="1.0" encoding="UTF-8"?>
<!-- Generated by org.testng.reporters.JUnitReportReporter -->
<testsuite hostname="RAHUL-SANDIP" failures="0" tests="3" name="test.ZerodaLoginPageTest" time="77.247" errors="0" timestamp="2022-08-31T07:45:59 IST" skipped="0">
  <testcase classname="test.ZerodaLoginPageTest" name="forgetAccount" time="20.279"/>
  <system-out/>
  <testcase classname="test.ZerodaLoginPageTest" name="LoginWithValidCredentials" time="24.554"/>
  <system-out/>
  <testcase classname="test.ZerodaLoginPageTest" name="SignUpNow" time="32.414"/>
  <system-out/>
</testsuite> <!-- test.ZerodaLoginPageTest -->
