<?xml version="1.0" encoding="UTF-8"?>
<!-- Generated by org.testng.reporters.JUnitReportReporter -->
<testsuite hostname="DESKTOP-VRBKJTB" failures="0" tests="3" name="test.ZerodaLoginPageTest" time="31.995" errors="0" timestamp="2022-07-27T14:44:33 IST" skipped="0">
  <testcase classname="test.ZerodaLoginPageTest" name="SignUpNow" time="12.615"/>
  <system-out/>
  <testcase classname="test.ZerodaLoginPageTest" name="LoginWithValidCredentials" time="9.947"/>
  <system-out/>
  <testcase classname="test.ZerodaLoginPageTest" name="forgetAccount" time="9.433"/>
  <system-out/>
</testsuite> <!-- test.ZerodaLoginPageTest -->
