<?xml version="1.0" encoding="UTF-8"?>
<!-- Generated by org.testng.reporters.JUnitReportReporter -->
<testsuite hostname="DESKTOP-VRBKJTB" failures="0" tests="1" name="test.ZerodaHomePageTest" time="66.198" errors="0" timestamp="2022-07-27T12:34:36 IST" skipped="0">
  <testcase classname="test.ZerodaHomePageTest" name="serachStockAndClickOnBuyWithRegularMISMarketOrder" time="66.198"/>
  <system-out/>
</testsuite> <!-- test.ZerodaHomePageTest -->
